"../../../Engine/Content/Functions/Engine_MaterialFunctions01/Shading/PowerToRoughness.uasset" 0
"../../../Engine/Content/Functions/Engine_MaterialFunctions01/Shading/ConvertFromDiffSpec.uasset" 1
"../../../Engine/Content/EngineMaterials/DefaultDiffuse.uasset" 2
"../../../Engine/Content/EngineMaterials/DefaultDeferredDecalMaterial.uasset" 3
"../../../Engine/Content/EngineMaterials/DefaultLightFunctionMaterial.uasset" 4
"../../../Engine/Content/Functions/Engine_MaterialFunctions02/Utility/BreakOutFloat2Components.uasset" 5
"../../../Engine/Content/EngineMaterials/DefaultPostProcessMaterial.uasset" 6
"../../../Engine/Content/EditorMaterials/Camera/CineMat.uasset" 7
"../../../Engine/Content/EditorMaterials/Camera/MI_CineMat_Rig.uasset" 8
"../../../Engine/Content/EditorMeshes/Camera/SM_CraneRig_Base.uasset" 9
"../../../Engine/Content/EditorMeshes/Camera/SM_CraneRig_Arm.uasset" 10
"../../../Engine/Content/EditorMeshes/Camera/SM_CraneRig_Mount.uasset" 11
"../../../Engine/Content/EditorMeshes/Camera/SM_CraneRig_Body.uasset" 12
"../../../Engine/Content/EditorMeshes/Camera/SM_RailRig_Track.uasset" 13
"../../../Engine/Content/EditorMeshes/Camera/SM_RailRig_Mount.uasset" 14
"../../../Engine/Content/EngineResources/AICON-Red.uasset" 15
"../../../Engine/Content/EngineResources/AICON-Green.uasset" 16
"../../../Engine/Content/EngineFonts/Roboto.uasset" 17
"../../../Engine/Content/EngineResources/DefaultTexture.uasset" 18
"../../../Engine/Content/Functions/Engine_MaterialFunctions01/Texturing/ScaleUVsByCenter.uasset" 19
"../../../Engine/Content/Functions/Engine_MaterialFunctions02/ScreenResolution.uasset" 20
"../../../Engine/Content/Functions/Engine_MaterialFunctions02/Texturing/ScreenAlignedUVs.uasset" 21
"../../../Engine/Content/EngineResources/WhiteSquareTexture.uasset" 22
"../../../Engine/Content/EngineMaterials/Widget3DPassThrough.uasset" 23
"../../../Engine/Content/EngineMaterials/Widget3DPassThrough_Translucent.uasset" 24
"../../../Engine/Content/EngineMaterials/Widget3DPassThrough_Translucent_OneSided.uasset" 25
"../../../Engine/Content/EngineMaterials/Widget3DPassThrough_Opaque.uasset" 26
"../../../Engine/Content/EngineMaterials/Widget3DPassThrough_Opaque_OneSided.uasset" 27
"../../../Engine/Content/EngineMaterials/Widget3DPassThrough_Masked.uasset" 28
"../../../Engine/Content/EngineMaterials/Widget3DPassThrough_Masked_OneSided.uasset" 29
"../../../Engine/Content/EditorResources/S_Actor.uasset" 30
"../../../Engine/Content/EditorMaterials/AssetViewer/EpicQuadPanorama_CC+EV1.uasset" 31
"../../../Engine/Content/EditorResources/RGBTable16x1_AssetViewer.uasset" 32
"../../../Engine/Content/Maps/Templates/Thumbnails/Default.uasset" 33
"../../../Engine/Content/Maps/Templates/Thumbnails/VR-Basic.uasset" 34
"../../../Engine/Content/EditorMaterials/ParticleSystems/PSysThumbnail_NoImage.uasset" 35
"../../../Engine/Content/EditorMaterials/ParticleSystems/PSysThumbnail_OOD.uasset" 36
"../../../Engine/Content/EditorLandscapeResources/DataLayer.uasset" 37
"../../../Engine/Content/EngineDamageTypes/DmgTypeBP_Environmental.uasset" 38
"../../../Engine/Content/EngineMeshes/Sphere.uasset" 39
"../../../Engine/Content/EngineFonts/RobotoDistanceField.uasset" 40
"../../../Engine/Content/EngineMaterials/DefaultTextMaterialOpaque.uasset" 41
"../../../Engine/Content/EditorResources/S_Trigger.uasset" 42
"../../../Engine/Content/EngineResources/GradientTexture0.uasset" 43
"../../../Engine/Content/EngineResources/Black.uasset" 44
"../../../Engine/Content/EditorMaterials/MatineeGroups/MAT_Groups_Float.uasset" 45
"../../../Engine/Content/EditorMaterials/MatineeGroups/MAT_Groups_Director.uasset" 46
"../../../Engine/Content/EditorMaterials/MatineeGroups/MAT_Groups_Event.uasset" 47
"../../../Engine/Content/EditorMaterials/MatineeGroups/MAT_Groups_Anim.uasset" 48
"../../../Engine/Content/EditorMaterials/MatineeGroups/MAT_Groups_Fade.uasset" 49
"../../../Engine/Content/EditorMaterials/MatineeGroups/MAT_Groups_Move.uasset" 50
"../../../Engine/Content/EditorMaterials/MatineeGroups/MAT_Groups_Slomo.uasset" 51
"../../../Engine/Content/EditorMaterials/MatineeGroups/MAT_ColorTrack.uasset" 52
"../../../Engine/Content/EditorMaterials/MAT_Groups_Toggle.uasset" 53
"../../../Engine/Content/EditorMaterials/MatineeGroups/MAT_Groups_AudioMaster.uasset" 54
"../../../Engine/Content/EditorMaterials/MatineeGroups/MAT_Groups_Sound.uasset" 55
"../../../Engine/Content/EditorMaterials/MatineeGroups/MAT_Groups_Vector.uasset" 56
"../../../Engine/Content/EditorMaterials/MAT_Groups_Visibility.uasset" 57
"../../../Engine/Content/EngineResources/DefaultTextureCube.uasset" 58
"../../../Engine/Content/Functions/Engine_MaterialFunctions01/Opacity/CameraDepthFade.uasset" 59
"../../../Engine/Content/EngineMaterials/T_Default_Material_Grid_M.uasset" 60
"../../../Engine/Content/EngineMaterials/T_Default_Material_Grid_N.uasset" 61
"../../../Engine/Content/EngineMaterials/DefaultMaterial.uasset" 62
"../../../Engine/Content/EngineMeshes/Cylinder.uasset" 63
"../../../Engine/Content/EngineTireTypes/DefaultTireType.uasset" 64
"../../../Engine/Content/VREditor/LaserPointer/VR_LaserPower_01.uasset" 65
"../../../Engine/Content/VREditor/TransformGizmo/TransformGizmoMaterial.uasset" 66
"../../../Engine/Content/VREditor/TransformGizmo/TranslucentTransformGizmoMaterial.uasset" 67
"../../../Engine/Content/VREditor/TransformGizmo/UniformScaleHandle.uasset" 68
"../../../Engine/Content/VREditor/TransformGizmo/TranslateHandleLong.uasset" 69
"../../../Engine/Content/VREditor/TransformGizmo/PlaneTranslationHandle.uasset" 70
"../../../Engine/Content/VREditor/TransformGizmo/RotationHandleFull.uasset" 71
"../../../Engine/Content/VREditor/TransformGizmo/StretchingHandle.uasset" 72
"../../../Engine/Content/VREditor/TransformGizmo/BoundingBoxCorner.uasset" 73
"../../../Engine/Content/VREditor/TransformGizmo/BoundingBoxEdge.uasset" 74
"../../../Engine/Content/VREditor/UI/SelectionBarMesh.uasset" 75
"../../../Engine/Content/VREditor/UI/CloseButtonMesh.uasset" 76
"../../../Engine/Content/VREditor/FloatingText/LineMaterial.uasset" 77
"../../../Engine/Content/VREditor/FloatingText/LineSegmentCylinder.uasset" 78
"../../../Engine/Content/VREditor/FloatingText/JointSphere.uasset" 79
"../../../Engine/Content/VREditor/Fonts/VRText_RobotoLarge.uasset" 80
"../../../Engine/Content/VREditor/Fonts/VRTextMaterial.uasset" 81
"../../../Engine/Content/VREditor/Fonts/TranslucentVRTextMaterial.uasset" 82
"../../../Engine/Content/VREditor/TransformGizmo/TranslationHandle.uasset" 83
"../../../Engine/Content/VREditor/TransformGizmo/RotationHandle.uasset" 84
"../../../Engine/Content/VREditor/Devices/Generic/GenericHMDMaterial.uasset" 85
"../../../Engine/Content/VREditor/Devices/Generic/GenericHMD.uasset" 86
"../../../Engine/Content/Functions/Engine_MaterialFunctions01/Gradient/RadialGradient.uasset" 87
"../../../Engine/Content/EditorLandscapeResources/FlattenHeightMat.uasset" 88
"../../../Engine/Content/VREditor/WorldMovementGrid/PlaneMesh.uasset" 89
"../../../Engine/Content/VREditor/WorldMovementGrid/SimpleGrid.uasset" 90
"../../../Engine/Content/VREditor/WorldMovementGrid/GridMaterial.uasset" 91
"../../../Engine/Content/VREditor/LaserPointer/LaserPointerMaterial.uasset" 92
"../../../Engine/Content/VREditor/LaserPointer/LaserPointerMaterialInst.uasset" 93
"../../../Engine/Content/VREditor/LaserPointer/TranslucentLaserPointerMaterialInst.uasset" 94
"../../../Engine/Content/VREditor/LaserPointer/LaserPointerMesh.uasset" 95
"../../../Engine/Content/Functions/Engine_MaterialFunctions01/Density/ExponentialDensity.uasset" 96
"../../../Engine/Content/VREditor/WorldMovementGrid/GridPostProcess.uasset" 97
"../../../Engine/Content/VREditor/Sounds/VR_teleport_Cue.uasset" 98
"../../../Engine/Content/VREditor/Sounds/VR_grab_Cue.uasset" 99
"../../../Engine/Content/Tutorial/ContentIntroCurve.uasset" 100
"../../../Engine/Plugins/2D/Paper2D/Content/PlaceholderTextures/DummySpriteTexture.uasset" 101
"../../../Engine/Plugins/2D/Paper2D/Content/DefaultSpriteMaterial.uasset" 102
"../../../Engine/Plugins/2D/Paper2D/Content/MaskedUnlitSpriteMaterial.uasset" 103
"../../../Engine/Plugins/2D/Paper2D/Content/OpaqueUnlitSpriteMaterial.uasset" 104
"../../../Engine/Plugins/2D/Paper2D/Content/DummySprite.uasset" 105
"../../../Engine/Plugins/2D/Paper2D/Content/DefaultPaperTerrainMaterial.uasset" 106
"../../../Engine/Content/EngineMaterials/RemoveSurfaceMaterial.uasset" 107
"../../../Engine/Content/EngineDebugMaterials/DebugMeshMaterial.uasset" 108
"../../../Engine/Content/EngineMaterials/InvalidLightmapSettings.uasset" 109
"../../../Engine/Content/EngineMaterials/M_InvalidLightmapSettings.uasset" 110
"../../../Engine/Content/EditorMaterials/GizmoMaterial.uasset" 111
"../../../Engine/Content/EngineMaterials/PhAT_JointLimitMaterial.uasset" 112
"../../../Engine/Content/EngineMaterials/Good64x64TilingNoiseHighFreq.uasset" 113
"../../../Engine/Content/EngineMaterials/DefaultBokeh.uasset" 114
"../../../Engine/Content/EngineMaterials/PreintegratedSkinBRDF.uasset" 115
"../../../Engine/Content/EngineMaterials/MiniFont.uasset" 116
"../../../Engine/Content/EngineMaterials/WeightMapPlaceholderTexture.uasset" 117
"../../../Engine/Content/EngineMaterials/DefaultWhiteGrid.uasset" 118
"../../../Engine/Content/EngineMaterials/DefaultPhysicalMaterial.uasset" 119
"../../../Engine/Content/EngineFonts/RobotoTiny.uasset" 120
"../../../Engine/Content/EditorSounds/Notifications/CompileSuccess.uasset" 121
"../../../Engine/Content/EditorSounds/Notifications/CompileStart_Cue.uasset" 122
"../../../Engine/Content/EditorSounds/Notifications/CompileSuccess_Cue.uasset" 123
"../../../Engine/Content/EditorSounds/Notifications/CompileFailed.uasset" 124
"../../../Engine/Content/EditorSounds/Notifications/CompileFailed_Cue.uasset" 125
"../../../Engine/Content/EditorResources/LightIcons/S_LightError.uasset" 126
"../../../Engine/Content/EditorResources/AudioIcons/S_AudioComponent.uasset" 127
"../../../Engine/Content/EditorResources/AudioIcons/S_AudioComponent_AutoActivate.uasset" 128
"../../../Engine/Content/MobileResources/HUD/MobileHUDButton2_off.uasset" 129
"../../../Engine/Content/MobileResources/HUD/MobileHUDButton2_on.uasset" 130
"../../../Engine/Content/MobileResources/HUD/MobileHUDButton3.uasset" 131
"../../../Engine/Content/MobileResources/HUD/MobileHUDDirectionPad.uasset" 132
"../../../Engine/Content/MobileResources/HUD/T_Castle_ThumbstickOutter.uasset" 133
"../../../Engine/Content/MobileResources/HUD/MobileHUDDirectionStick.uasset" 134
"../../../DisillutionProto/Content/Geometry/Meshes/CubeMaterial.uasset" 135
"../../../DisillutionProto/Content/Geometry/Meshes/1M_Cube_Chamfer.uasset" 136
"../../../DisillutionProto/Content/Kadim/Audio/Gohm_Groan.uasset" 137
"../../../DisillutionProto/Content/Kadim/Characters/Sir_Gohm/Sir_Gohm_M_PhysicsAsset.uasset" 138
"../../../DisillutionProto/Content/Kadim/Characters/Sir_Gohm/AI/Gohm_States.uasset" 139
"../../../DisillutionProto/Content/Kadim/Characters/Sir_Gohm/AI/Gohm_BB.uasset" 140
"../../../DisillutionProto/Content/Kadim/Characters/Sir_Gohm/AI/Gohm_Patrol.uasset" 141
"../../../DisillutionProto/Content/Kadim/Characters/Sir_Gohm/AI/Gohm_BT.uasset" 142
"../../../DisillutionProto/Content/Kadim/Characters/Sir_Gohm/AI/Gohm_IsIdle.uasset" 143
"../../../DisillutionProto/Content/Kadim/Characters/Sir_Gohm/Sir_Gohm_M_Skeleton.uasset" 144
"../../../DisillutionProto/Content/Kadim/Characters/Sir_Gohm/Animations/Sir_Gohm_A.uasset" 145
"../../../DisillutionProto/Content/Kadim/Characters/Sir_Gohm/Animations/Sir_Gohm_Attack_2.uasset" 146
"../../../DisillutionProto/Content/Kadim/Characters/Sir_Gohm/Animations/Sir_Gohm_Slam.uasset" 147
"../../../DisillutionProto/Content/Kadim/Code/Macros.uasset" 148
"../../../Engine/Content/EditorBlueprintResources/StandardMacros.uasset" 149
"../../../DisillutionProto/Content/Kadim/Code/UIMacros.uasset" 150
"../../../DisillutionProto/Content/Kadim/Maps/ImageGenerator__1_.uasset" 151
"../../../DisillutionProto/Content/Kadim/Maps/ImageGenerator__1__Mat.uasset" 152
"../../../DisillutionProto/Content/Kadim/Objects/Gem/Gem_Mila.uasset" 153
"../../../DisillutionProto/Content/Kadim/Objects/Gem/Gem_Spyro_PhysicsAsset.uasset" 154
"../../../DisillutionProto/Content/Kadim/Objects/Gem/Gem_Spyro_Skeleton.uasset" 155
"../../../DisillutionProto/Content/Kadim/Objects/Gem/Gem_Spyro.uasset" 156
"../../../DisillutionProto/Content/Kadim/Objects/Gem/Gem.uasset" 157
"../../../Engine/Content/BasicShapes/BasicShapeMaterial.uasset" 158
"../../../Engine/Content/EngineMaterials/WorldGridMaterial.uasset" 159
"../../../Engine/Content/BasicShapes/Cube.uasset" 160
"../../../DisillutionProto/Content/Kadim/Prefabs/BigFuckinBox.uasset" 161
"../../../DisillutionProto/Content/Mannequin/Character/Mesh/UE4_Mannequin_Skeleton.uasset" 162
"../../../DisillutionProto/Content/Mannequin/Animations/ThirdPersonJump_End.uasset" 163
"../../../DisillutionProto/Content/StarterContent/Materials/M_Basic_Wall.uasset" 164
"../../../DisillutionProto/Content/StarterContent/Architecture/Pillar_50x500.uasset" 165
"../../../DisillutionProto/Content/StarterContent/Architecture/Wall_400x300.uasset" 166
"../../../DisillutionProto/Content/StarterContent/Architecture/Wall_400x400.uasset" 167
"../../../DisillutionProto/Content/StarterContent/Architecture/Wall_500x500.uasset" 168
"../../../DisillutionProto/Content/StarterContent/Architecture/Wall_Door_400x400.uasset" 169
"../../../DisillutionProto/Content/StarterContent/Architecture/Wall_Window_400x400.uasset" 170
"../../../DisillutionProto/Content/StarterContent/Audio/Light01_Cue.uasset" 171
"../../../DisillutionProto/Content/StarterContent/Audio/Light02_Cue.uasset" 172
"../../../DisillutionProto/Content/StarterContent/Audio/Explosion_Cue.uasset" 173
"../../../DisillutionProto/Content/StarterContent/Textures/T_Burst_M.uasset" 174
"../../../DisillutionProto/Content/StarterContent/Particles/Materials/M_Burst.uasset" 175
"../../../DisillutionProto/Content/StarterContent/Textures/T_Explosion_SubUV.uasset" 176
"../../../DisillutionProto/Content/StarterContent/Particles/Materials/M_explosion_subUV.uasset" 177
"../../../DisillutionProto/Content/StarterContent/Particles/Materials/m_flare_01.uasset" 178
"../../../DisillutionProto/Content/StarterContent/Particles/Materials/M_radial_ramp.uasset" 179
"../../../DisillutionProto/Content/StarterContent/Textures/T_Smoke_SubUV.uasset" 180
"../../../DisillutionProto/Content/StarterContent/Textures/T_Smoke_Tiled_D.uasset" 181
"../../../DisillutionProto/Content/StarterContent/Particles/Materials/M_smoke_subUV.uasset" 182
"../../../DisillutionProto/Content/StarterContent/Particles/P_Explosion.uasset" 183
"../../../DisillutionProto/Content/StarterContent/Blueprints/Blueprint_Effect_Explosion.uasset" 184
"../../../Engine/Content/EditorMeshes/ColorCalibrator/T_ColorGrid.uasset" 185
"../../../DisillutionProto/Content/StarterContent/Materials/M_ColorGrid_LowSpec.uasset" 186
"../../../DisillutionProto/Content/StarterContent/Textures/T_Bush_D.uasset" 187
"../../../DisillutionProto/Content/StarterContent/Textures/T_Bush_N.uasset" 188
"../../../DisillutionProto/Content/StarterContent/Props/Materials/M_Bush.uasset" 189
"../../../DisillutionProto/Content/StarterContent/Props/SM_Bush.uasset" 190
"../../../DisillutionProto/Content/StarterContent/Textures/T_Chair_M.uasset" 191
"../../../DisillutionProto/Content/StarterContent/Textures/T_Chair_N.uasset" 192
"../../../DisillutionProto/Content/StarterContent/Props/Materials/M_Chair.uasset" 193
"../../../DisillutionProto/Content/StarterContent/Props/SM_Couch.uasset" 194
"../../../DisillutionProto/Content/StarterContent/Materials/M_Glass.uasset" 195
"../../../DisillutionProto/Content/StarterContent/Textures/T_Door_M.uasset" 196
"../../../DisillutionProto/Content/StarterContent/Textures/T_Door_N.uasset" 197
"../../../DisillutionProto/Content/StarterContent/Props/Materials/M_Door.uasset" 198
"../../../DisillutionProto/Content/StarterContent/Props/SM_Door.uasset" 199
"../../../DisillutionProto/Content/StarterContent/Props/Materials/M_MaterialSphere.uasset" 200
"../../../DisillutionProto/Content/StarterContent/Props/Materials/M_MaterialSphere_Plain.uasset" 201
"../../../DisillutionProto/Content/StarterContent/Props/SM_MatPreviewMesh_02.uasset" 202
"../../../Engine/Content/Functions/Engine_MaterialFunctions02/Utility/BlendAngleCorrectedNormals.uasset" 203
"../../../DisillutionProto/Content/StarterContent/Textures/T_Detail_Rocky_N.uasset" 204
"../../../DisillutionProto/Content/StarterContent/Textures/T_Rock_Basalt_D.uasset" 205
"../../../DisillutionProto/Content/StarterContent/Textures/T_RockMesh_M.uasset" 206
"../../../DisillutionProto/Content/StarterContent/Textures/T_RockMesh_N.uasset" 207
"../../../DisillutionProto/Content/StarterContent/Props/Materials/M_Rock.uasset" 208
"../../../DisillutionProto/Content/StarterContent/Props/SM_Rock.uasset" 209
"../../../DisillutionProto/Content/StarterContent/Textures/T_Shelf_M.uasset" 210
"../../../DisillutionProto/Content/StarterContent/Textures/T_Shelf_N.uasset" 211
"../../../DisillutionProto/Content/StarterContent/Props/Materials/M_Shelf.uasset" 212
"../../../DisillutionProto/Content/StarterContent/Props/SM_Shelf.uasset" 213
"../../../DisillutionProto/Content/StarterContent/Materials/M_Basic_Floor.uasset" 214
"../../../DisillutionProto/Content/StarterContent/Props/SM_Stairs.uasset" 215
"../../../DisillutionProto/Content/StarterContent/Shapes/Shape_Cone.uasset" 216
"../../../DisillutionProto/Content/StarterContent/Shapes/Shape_Cylinder.uasset" 217
"../../../DisillutionProto/Content/StarterContent/Shapes/Shape_NarrowCapsule.uasset" 218
"../../../DisillutionProto/Content/StarterContent/Shapes/Shape_Pipe.uasset" 219
"../../../DisillutionProto/Content/StarterContent/Shapes/Shape_Pipe_180.uasset" 220
"../../../DisillutionProto/Content/StarterContent/Shapes/Shape_Pipe_90.uasset" 221
"../../../DisillutionProto/Content/StarterContent/Shapes/Shape_Plane.uasset" 222
"../../../DisillutionProto/Content/StarterContent/Shapes/Shape_Torus.uasset" 223
"../../../DisillutionProto/Content/StarterContent/Shapes/Shape_Trim.uasset" 224
"../../../DisillutionProto/Content/StarterContent/Shapes/Shape_Trim_90_In.uasset" 225
"../../../DisillutionProto/Content/StarterContent/Shapes/Shape_Trim_90_Out.uasset" 226
"../../../DisillutionProto/Content/StarterContent/Shapes/Shape_TriPyramid.uasset" 227
"../../../DisillutionProto/Content/StarterContent/Shapes/Shape_Tube.uasset" 228
"../../../DisillutionProto/Content/StarterContent/Shapes/Shape_Wedge_A.uasset" 229
"../../../DisillutionProto/Content/StarterContent/Shapes/Shape_Wedge_B.uasset" 230
"../../../DisillutionProto/Content/StarterContent/Shapes/Shape_WideCapsule.uasset" 231
"../../../DisillutionProto/Content/StarterContent/Textures/Nat_FireTesture2.uasset" 232
"../../../Engine/Content/EditorResources/EmptyActor.uasset" 233
"../../../Engine/Content/BasicShapes/Cone.uasset" 234
"../../../Engine/Content/BasicShapes/Cylinder.uasset" 235
"../../../Engine/Content/BasicShapes/Sphere.uasset" 236
"../../../Engine/Content/EditorMaterials/PreviewShadowIndicator.uasset" 237
"../../../Engine/Content/EditorMaterials/PreviewShadowIndicatorMaterial.uasset" 238
"../../../Engine/Content/EditorResources/BSPVertex.uasset" 239
"../../../Engine/Content/EngineDebugMaterials/HeatmapGradient.uasset" 240
"../../../Engine/Content/EngineDebugMaterials/BoneWeightMaterial.uasset" 241
"../../../Engine/Content/EngineDebugMaterials/GeomMaterial.uasset" 242
"../../../Engine/Content/EngineMaterials/EditorBrushMaterial.uasset" 243
"../../../Engine/Content/EngineMeshes/Cube.uasset" 244
"../../../Engine/Content/MobileResources/T_MobileControls_texture.uasset" 245
"../../../Engine/Content/MobileResources/T_MobileMenu2.uasset" 246
"../../../Engine/Content/MobileResources/HUD/AnalogHat.uasset" 247
"../../../Engine/Content/MobileResources/HUD/VirtualJoystick_Background.uasset" 248
"../../../Engine/Content/MobileResources/HUD/VirtualJoystick_Thumb.uasset" 249
"../../../Engine/Content/MobileResources/HUD/DefaultVirtualJoysticks.uasset" 250
"../../../Engine/Content/MobileResources/HUD/LeftVirtualJoystickOnly.uasset" 251
"../../../Engine/Content/MobileResources/HUD/MobileHUDButton1_off.uasset" 252
"../../../Engine/Content/MobileResources/HUD/MobileHUDButton1_on.uasset" 253
"../../../Engine/Content/MobileResources/HUD/MobileHUDButtonFire.uasset" 254
"../../../Engine/Content/MobileResources/HUD/MobileHUDDirectionPad2.uasset" 255
"../../../Engine/Content/MobileResources/HUD/MobileHUDDirectionPad3.uasset" 256
"../../../Engine/Content/MobileResources/HUD/T_Castle_ThumbstickInner.uasset" 257
"../../../Engine/Content/Tutorial/Basics/TutorialAssets/icon_tab_Levels_40x.uasset" 258
"../../../Engine/Content/Tutorial/BlueprintTutorials/TutorialAssets/BlueprintInterface_64x.uasset" 259
"../../../Engine/Content/Tutorial/BlueprintTutorials/TutorialAssets/BlueprintMacroLibrary_64x.uasset" 260
"../../../Engine/Content/Tutorial/BlueprintTutorials/TutorialAssets/Blueprint_64x.uasset" 261
"../../../Engine/Content/Tutorial/BlueprintTutorials/TutorialAssets/Tutorial_BP_Interface.uasset" 262
"../../../Engine/Content/Tutorial/Foliage/TutorialAssets/Foliage.uasset" 263
"../../../Engine/Content/Tutorial/Landscape/TutorialAssets/Landscape.uasset" 264
"../../../Engine/Content/Tutorial/Paper2D/TutorialAssets/Paper2DFlipbook_TutorialIcon.uasset" 265
"../../../Engine/Content/Tutorial/Paper2D/TutorialAssets/Paper2DSprite_TutorialIcon.uasset" 266
"../../../Engine/Content/Tutorial/SubEditors/TutorialAssets/icon_Editor_Preferences_General_40x.uasset" 267
"../../../Engine/Content/Tutorial/SubEditors/TutorialAssets/icon_ShowSkeletalMeshes_40x.uasset" 268
"../../../Engine/Content/Tutorial/SubEditors/TutorialAssets/TutorialMaterial.uasset" 269
"../../../Engine/Content/Tutorial/SubEditors/TutorialAssets/T_SmokeSubUV_8X8.uasset" 270
"../../../Engine/Content/Tutorial/SubEditors/TutorialAssets/T_soft_smoke.uasset" 271
"../../../Engine/Content/Tutorial/SubEditors/TutorialAssets/M_smoke_subUV_blackbody.uasset" 272
"../../../Engine/Content/Tutorial/SubEditors/TutorialAssets/TutorialParticleSystem.uasset" 273
"../../../Engine/Content/EditorMeshes/EditorCube.uasset" 274
"../../../Engine/Content/Tutorial/SubEditors/TutorialAssets/Tutorial_DM.uasset" 275
"../../../DisillutionProto/Content/Mannequin/Animations/ThirdPerson_Jump.uasset" 276
"../../../DisillutionProto/Content/Mannequin/Animations/ThirdPersonJump_Loop.uasset" 277
"../../../DisillutionProto/Content/Mannequin/Animations/ThirdPersonJump_Start.uasset" 278
"../../../DisillutionProto/Content/Mannequin/Animations/ThirdPersonIdle.uasset" 279
"../../../DisillutionProto/Content/Mannequin/Animations/ThirdPersonRun.uasset" 280
"../../../DisillutionProto/Content/Mannequin/Animations/ThirdPersonWalk.uasset" 281
"../../../DisillutionProto/Content/Mannequin/Animations/ThirdPerson_IdleRun_2D.uasset" 282
"../../../DisillutionProto/Content/Mannequin/Animations/ThirdPerson_AnimBP.uasset" 283
"../../../DisillutionProto/Content/Nat/UI/WB_DialogueText.uasset" 284
"../../../DisillutionProto/Content/Kadim/Audio/Jump_Cue.uasset" 285
"../../../DisillutionProto/Content/Kadim/Audio/Pat_Scream.uasset" 286
"../../../DisillutionProto/Content/Kadim/UI/gem-icon.uasset" 287
"../../../DisillutionProto/Content/Kadim/UI/HUDk.uasset" 288
"../../../Engine/Content/Functions/MaterialLayerFunctions/MatLayerBlend_NormalBlend.uasset" 289
"../../../Engine/Content/Functions/MaterialLayerFunctions/MatLayerBlend_Simple.uasset" 290
"../../../DisillutionProto/Content/Mannequin/Character/Materials/MaterialLayers/T_ML_Rubber_Blue_01_D.uasset" 291
"../../../DisillutionProto/Content/Mannequin/Character/Materials/MaterialLayers/T_ML_Rubber_Blue_01_N.uasset" 292
"../../../DisillutionProto/Content/Mannequin/Character/Materials/MaterialLayers/ML_GlossyBlack_Latex_UE4.uasset" 293
"../../../DisillutionProto/Content/Mannequin/Character/Materials/MaterialLayers/ML_Plastic_Shiny_Beige.uasset" 294
"../../../DisillutionProto/Content/Mannequin/Character/Textures/UE4_LOGO_CARD.uasset" 295
"../../../DisillutionProto/Content/Mannequin/Character/Materials/MaterialLayers/ML_Plastic_Shiny_Beige_LOGO.uasset" 296
"../../../DisillutionProto/Content/Mannequin/Character/Materials/MaterialLayers/T_ML_Aluminum01.uasset" 297
"../../../DisillutionProto/Content/Mannequin/Character/Materials/MaterialLayers/T_ML_Aluminum01_N.uasset" 298
"../../../DisillutionProto/Content/Mannequin/Character/Materials/MaterialLayers/ML_SoftMetal_UE4.uasset" 299
"../../../DisillutionProto/Content/Mannequin/Character/Textures/UE4_Mannequin__normals.uasset" 300
"../../../DisillutionProto/Content/Mannequin/Character/Textures/UE4_Mannequin_MAT_MASKA.uasset" 301
"../../../DisillutionProto/Content/Mannequin/Character/Materials/M_UE4Man_Body.uasset" 302
"../../../DisillutionProto/Content/Mannequin/Character/Textures/UE4Man_Logo_N.uasset" 303
"../../../DisillutionProto/Content/Mannequin/Character/Materials/M_UE4Man_ChestLogo.uasset" 304
"../../../DisillutionProto/Content/Mannequin/Character/Mesh/SK_Mannequin_PhysicsAsset.uasset" 305
"../../../DisillutionProto/Content/Mannequin/Character/Mesh/SK_Mannequin.uasset" 306
"../../../DisillutionProto/Content/ThirdPersonBP/Blueprints/ThirdPersonCharacter.uasset" 307
"../../../DisillutionProto/Content/Kadim/Characters/Sir_Gohm/AI/GohmAIController.uasset" 308
"../../../DisillutionProto/Content/Kadim/Objects/Chest/Toy_Chest_Skeleton.uasset" 309
"../../../DisillutionProto/Content/Kadim/Objects/Chest/Toy_Chest_Anim.uasset" 310
"../../../DisillutionProto/Content/Kadim/Objects/Chest/Closed.uasset" 311
"../../../DisillutionProto/Content/Kadim/Objects/Chest/Opened.uasset" 312
"../../../DisillutionProto/Content/Kadim/Objects/Chest/ToyChest_AnimBP.uasset" 313
"../../../DisillutionProto/Content/Kadim/Audio/Bloop_Cue.uasset" 314
"../../../DisillutionProto/Content/Kadim/Prefabs/Pickup.uasset" 315
"../../../DisillutionProto/Content/Kadim/Objects/Chest/D_ToyChest.uasset" 316
"../../../DisillutionProto/Content/Kadim/Objects/Chest/ToyChest.uasset" 317
"../../../DisillutionProto/Content/Kadim/Objects/Chest/Toy_Chest_PhysicsAsset.uasset" 318
"../../../DisillutionProto/Content/Kadim/Objects/Chest/Toy_Chest.uasset" 319
"../../../DisillutionProto/Content/Kadim/Objects/Chest/ToyChest_BP.uasset" 320
"../../../DisillutionProto/Content/Kadim/Audio/Gohm_Roar.uasset" 321
"../../../DisillutionProto/Content/Kadim/Characters/Sir_Gohm/SIr_Gohm_Texture.uasset" 322
"../../../DisillutionProto/Content/Kadim/Characters/Sir_Gohm/Sir_Gohm_Material.uasset" 323
"../../../DisillutionProto/Content/Kadim/Characters/Sir_Gohm/Sir_Gohm_M.uasset" 324
"../../../DisillutionProto/Content/Kadim/Characters/Sir_Gohm/AI/GohmCharacter.uasset" 325
"../../../DisillutionProto/Content/Kadim/Characters/Sir_Gohm/Animations/FinishAngry.uasset" 326
"../../../DisillutionProto/Content/Kadim/Characters/Sir_Gohm/Animations/Sir_Gohm_Angry.uasset" 327
"../../../DisillutionProto/Content/Kadim/Characters/Sir_Gohm/Animations/FinishAttack.uasset" 328
"../../../DisillutionProto/Content/Kadim/Characters/Sir_Gohm/Animations/Sir_Gohm_Attack_1.uasset" 329
"../../../DisillutionProto/Content/Kadim/Characters/Sir_Gohm/Animations/Sir_Gohm_Idle.uasset" 330
"../../../DisillutionProto/Content/Kadim/Audio/Gohm_FootStep.uasset" 331
"../../../DisillutionProto/Content/Kadim/Characters/Sir_Gohm/Animations/Sir_Gohm_Run.uasset" 332
"../../../DisillutionProto/Content/Kadim/Characters/Sir_Gohm/Animations/FinishStun.uasset" 333
"../../../DisillutionProto/Content/Kadim/Audio/gohmgroan.uasset" 334
"../../../DisillutionProto/Content/Kadim/Characters/Sir_Gohm/Animations/Sir_Gohm_Stunned.uasset" 335
"../../../DisillutionProto/Content/Kadim/Characters/Sir_Gohm/Animations/Sir_Gohm_Walk.uasset" 336
"../../../DisillutionProto/Content/Kadim/Characters/Sir_Gohm/Animations/Gohm_BP.uasset" 337
"../../../DisillutionProto/Content/Kadim/Prefabs/GohmAI.uasset" 338
"../../../DisillutionProto/Content/ThirdPersonBP/Blueprints/ThirdPersonGameMode.uasset" 339
"../../../Engine/Content/EngineSky/C_Sky_Cloud_Color.uasset" 340
"../../../Engine/Content/EngineSky/C_Sky_Horizon_Color.uasset" 341
"../../../Engine/Content/EngineSky/C_Sky_Zenith_Color.uasset" 342
"../../../Engine/Content/EngineSky/T_Sky_Blue.uasset" 343
"../../../Engine/Content/EngineSky/T_Sky_Clouds_M.uasset" 344
"../../../Engine/Content/EngineSky/T_Sky_Stars.uasset" 345
"../../../Engine/Content/EngineSky/M_Sky_Panning_Clouds2.uasset" 346
"../../../Engine/Content/EngineSky/SM_SkySphere.uasset" 347
"../../../Engine/Content/EngineSky/BP_Sky_Sphere.uasset" 348
"../../../DisillutionProto/Content/Kadim/Audio/TextBlip.uasset" 349
"../../../DisillutionProto/Content/Kadim/UI/Box.uasset" 350
"../../../DisillutionProto/Content/Kadim/UI/Dialogue.uasset" 351
"../../../DisillutionProto/Content/Kadim/Prefabs/Dialogue.uasset" 352
"../../../DisillutionProto/Content/Kadim/Materials/Black.uasset" 353
"../../../DisillutionProto/Content/Kadim/Materials/Gold.uasset" 354
"../../../DisillutionProto/Content/StarterContent/Textures/T_Brick_Clay_Old_D.uasset" 355
"../../../DisillutionProto/Content/StarterContent/Textures/T_Brick_Clay_Old_N.uasset" 356
"../../../DisillutionProto/Content/StarterContent/Textures/T_MacroVariation.uasset" 357
"../../../DisillutionProto/Content/StarterContent/Textures/T_Perlin_Noise_M.uasset" 358
"../../../DisillutionProto/Content/StarterContent/Materials/M_Brick_Clay_Old.uasset" 359
"../../../DisillutionProto/Content/Kadim/Prefabs/Door.uasset" 360
"../../../DisillutionProto/Content/Kadim/Textures/Diffuse_Wall.uasset" 361
"../../../DisillutionProto/Content/Kadim/Materials/Hedge.uasset" 362
"../../../DisillutionProto/Content/Kadim/Models/Hedge_Body1.uasset" 363
"../../../DisillutionProto/Content/Kadim/Models/Hedge_Body2.uasset" 364
"../../../DisillutionProto/Content/Kadim/Models/Hedge_Body3.uasset" 365
"../../../DisillutionProto/Content/Kadim/Models/Hedge_Body4.uasset" 366
"../../../DisillutionProto/Content/Kadim/Models/Hedge_Body5.uasset" 367
"../../../DisillutionProto/Content/Kadim/Models/Hedge_Body6.uasset" 368
"../../../DisillutionProto/Content/Kadim/Models/Hedge_End.uasset" 369
"../../../DisillutionProto/Content/Kadim/Models/Hedge_End2.uasset" 370
"../../../DisillutionProto/Content/Kadim/Prefabs/Hedge.uasset" 371
"../../../DisillutionProto/Content/Kadim/Prefabs/Main_Cam_BP.uasset" 372
"../../../DisillutionProto/Content/Kadim/Textures/grass.uasset" 373
"../../../DisillutionProto/Content/Kadim/Materials/Grass.uasset" 374
"../../../DisillutionProto/Content/Kadim/Maps/MazeProto.umap" 375
"../../../Engine/Content/EngineMaterials/DefaultNormal.uasset" 376
"../../../Engine/Content/Maps/Entry.umap" 377
"../../../Engine/Content/Functions/Engine_MaterialFunctions03/Procedurals/ComputeFilterWidth.uasset" 378
"../../../Engine/Content/EngineMaterials/AntiAliasedTextMaterialTranslucent.uasset" 379
"../../../DisillutionProto/Content/StarterContent/Textures/T_Ground_Grass_D.uasset" 380
"../../../DisillutionProto/Content/StarterContent/Textures/T_Ground_Grass_N.uasset" 381
"../../../DisillutionProto/Content/StarterContent/Materials/M_Ground_Grass.uasset" 382
"../../../DisillutionProto/Content/Geometry/Meshes/TemplateFloor.uasset" 383
"../../../DisillutionProto/Content/Nat/UI/UITool.uasset" 384
"../../../DisillutionProto/Content/StarterContent/Textures/T_Statue_M.uasset" 385
"../../../DisillutionProto/Content/StarterContent/Textures/T_Statue_N.uasset" 386
"../../../DisillutionProto/Content/StarterContent/Props/Materials/M_Statue.uasset" 387
"../../../DisillutionProto/Content/StarterContent/Props/Materials/M_StatueGlass.uasset" 388
"../../../DisillutionProto/Content/StarterContent/Props/SM_Statue.uasset" 389
"../../../DisillutionProto/Content/ThirdPerson/Meshes/RampMaterial.uasset" 390
"../../../DisillutionProto/Content/ThirdPerson/Meshes/Bump_StaticMesh.uasset" 391
"../../../DisillutionProto/Content/ThirdPerson/Meshes/LeftArm_StaticMesh.uasset" 392
"../../../DisillutionProto/Content/ThirdPerson/Meshes/Linear_Stair_StaticMesh.uasset" 393
"../../../DisillutionProto/Content/ThirdPerson/Meshes/Ramp_StaticMesh.uasset" 394
"../../../DisillutionProto/Content/ThirdPerson/Meshes/RightArm_StaticMesh.uasset" 395
"../../../DisillutionProto/Content/Kadim/Maps/ThirdPersonExampleMap.umap" 396
"../../../DisillutionProto/Content/Nat/AI/N_AI_Blackboard.uasset" 397
"../../../DisillutionProto/Content/Nat/AI/N_AI_Chase.uasset" 398
"../../../DisillutionProto/Content/Nat/AI/N_AI_FleeToCave.uasset" 399
"../../../DisillutionProto/Content/Nat/AI/N_AI_Patrol.uasset" 400
"../../../DisillutionProto/Content/Nat/AI/N_AI_BehaviourTree.uasset" 401
"../../../DisillutionProto/Content/Nat/AI/N_AI_Controller.uasset" 402
"../../../DisillutionProto/Content/Nat/AI/N_AI_Character.uasset" 403
"../../../DisillutionProto/Content/Nat/AI/N_Cave_text.uasset" 404
"../../../DisillutionProto/Content/Nat/AI/N_Cave_BP.uasset" 405
"../../../DisillutionProto/Content/Nat/NPCDialogueSystem/Blueprints/Struct_PlayerResponse.uasset" 406
"../../../DisillutionProto/Content/Nat/NPCDialogueSystem/Blueprints/Struct_NPCStatement.uasset" 407
"../../../DisillutionProto/Content/Nat/UI/WB_PlayerOptions.uasset" 408
"../../../DisillutionProto/Content/Nat/NPCDialogueSystem/Blueprints/BP_NPC.uasset" 409
"../../../DisillutionProto/Content/Geometry/Meshes/1M_Cube.uasset" 410
"../../../DisillutionProto/Content/Nat/TestLevelNat.umap" 411
"../../../DisillutionProto/Content/StarterContent/Blueprints/Assets/FogBrightnessLUT.uasset" 412
"../../../DisillutionProto/Content/StarterContent/Blueprints/Assets/SunlightColorLUT.uasset" 413
"../../../DisillutionProto/Content/StarterContent/Blueprints/Assets/M_LightStage_Arrows.uasset" 414
"../../../Engine/Content/MapTemplates/Sky/DaylightAmbientCubemap.uasset" 415
"../../../DisillutionProto/Content/StarterContent/Blueprints/Assets/M_LightStage_Skybox_Master.uasset" 416
"../../../DisillutionProto/Content/StarterContent/Blueprints/Assets/M_LightStage_Skybox_Black.uasset" 417
"../../../DisillutionProto/Content/StarterContent/Blueprints/Assets/M_LightStage_Skybox_HDRI.uasset" 418
"../../../Engine/Content/EditorMaterials/Thumbnails/SkySphereMaterial.uasset" 419
"../../../DisillutionProto/Content/StarterContent/Blueprints/Assets/Skybox.uasset" 420
"../../../DisillutionProto/Content/StarterContent/Blueprints/Assets/SM_Arrows.uasset" 421
"../../../DisillutionProto/Content/StarterContent/HDRI/HDRI_Epic_Courtyard_Daylight.uasset" 422
"../../../DisillutionProto/Content/StarterContent/Blueprints/BP_LightStudio.uasset" 423
"../../../DisillutionProto/Content/StarterContent/Materials/M_AssetPlatform.uasset" 424
"../../../Engine/Content/EditorMeshes/ColorCalibrator/M_ChromeBall.uasset" 425
"../../../Engine/Content/EditorMeshes/ColorCalibrator/M_ClearCoat.uasset" 426
"../../../Engine/Content/EditorMeshes/ColorCalibrator/M_ClearCoatBlack.uasset" 427
"../../../Engine/Content/EditorMeshes/ColorCalibrator/M_ColorGrid.uasset" 428
"../../../Engine/Content/EditorMeshes/ColorCalibrator/M_GreyBall.uasset" 429
"../../../Engine/Content/EditorMeshes/ColorCalibrator/SM_ColorCalibrator.uasset" 430
"../../../DisillutionProto/Content/StarterContent/Architecture/SM_AssetPlatform.uasset" 431
"../../../DisillutionProto/Content/StarterContent/Maps/Advanced_Lighting.umap" 432
"../../../DisillutionProto/Content/StarterContent/Audio/Fire01_Cue.uasset" 433
"../../../DisillutionProto/Content/StarterContent/Textures/T_Fire_SubUV.uasset" 434
"../../../DisillutionProto/Content/StarterContent/Textures/T_Fire_Tiled_D.uasset" 435
"../../../DisillutionProto/Content/StarterContent/Particles/Materials/M_Fire_SubUV.uasset" 436
"../../../DisillutionProto/Content/StarterContent/Textures/T_Water_N.uasset" 437
"../../../DisillutionProto/Content/StarterContent/Particles/Materials/M_Heat_Distortion.uasset" 438
"../../../DisillutionProto/Content/StarterContent/Particles/Materials/M_Radial_Gradient.uasset" 439
"../../../DisillutionProto/Content/StarterContent/Particles/P_Fire.uasset" 440
"../../../DisillutionProto/Content/StarterContent/Blueprints/Blueprint_Effect_Fire.uasset" 441
"../../../DisillutionProto/Content/StarterContent/Audio/Smoke01_Cue.uasset" 442
"../../../DisillutionProto/Content/StarterContent/Particles/P_Smoke.uasset" 443
"../../../DisillutionProto/Content/StarterContent/Blueprints/Blueprint_Effect_Smoke.uasset" 444
"../../../DisillutionProto/Content/StarterContent/Audio/Fire_Sparks01_Cue.uasset" 445
"../../../DisillutionProto/Content/StarterContent/Textures/T_Spark_Core.uasset" 446
"../../../DisillutionProto/Content/StarterContent/Particles/Materials/M_Spark.uasset" 447
"../../../DisillutionProto/Content/StarterContent/Particles/P_Sparks.uasset" 448
"../../../DisillutionProto/Content/StarterContent/Blueprints/Blueprint_Effect_Sparks.uasset" 449
"../../../DisillutionProto/Content/StarterContent/Audio/Steam01_Cue.uasset" 450
"../../../DisillutionProto/Content/StarterContent/Particles/P_Steam_Lit.uasset" 451
"../../../DisillutionProto/Content/StarterContent/Blueprints/Blueprint_Effect_Steam.uasset" 452
"../../../DisillutionProto/Content/StarterContent/Textures/T_Lamp_M.uasset" 453
"../../../DisillutionProto/Content/StarterContent/Textures/T_Lamp_N.uasset" 454
"../../../DisillutionProto/Content/StarterContent/Props/Materials/M_Lamp.uasset" 455
"../../../DisillutionProto/Content/StarterContent/Props/SM_Lamp_Ceiling.uasset" 456
"../../../DisillutionProto/Content/StarterContent/Blueprints/Blueprint_CeilingLight.uasset" 457
"../../../DisillutionProto/Content/StarterContent/Props/SM_Lamp_Wall.uasset" 458
"../../../DisillutionProto/Content/StarterContent/Blueprints/Blueprint_WallSconce.uasset" 459
"../../../DisillutionProto/Content/StarterContent/Textures/T_Brick_Clay_Beveled_D.uasset" 460
"../../../DisillutionProto/Content/StarterContent/Textures/T_Brick_Clay_Beveled_M.uasset" 461
"../../../DisillutionProto/Content/StarterContent/Textures/T_Brick_Clay_Beveled_N.uasset" 462
"../../../DisillutionProto/Content/StarterContent/Materials/M_Brick_Clay_Beveled.uasset" 463
"../../../DisillutionProto/Content/StarterContent/Textures/T_Brick_Clay_New_D.uasset" 464
"../../../DisillutionProto/Content/StarterContent/Textures/T_Brick_Clay_New_M.uasset" 465
"../../../DisillutionProto/Content/StarterContent/Textures/T_Brick_Clay_New_N.uasset" 466
"../../../DisillutionProto/Content/StarterContent/Materials/M_Brick_Clay_New.uasset" 467
"../../../DisillutionProto/Content/StarterContent/Textures/T_Brick_Cut_Stone_D.uasset" 468
"../../../DisillutionProto/Content/StarterContent/Textures/T_Brick_Cut_Stone_N.uasset" 469
"../../../DisillutionProto/Content/StarterContent/Materials/M_Brick_Cut_Stone.uasset" 470
"../../../DisillutionProto/Content/StarterContent/Textures/T_Brick_Hewn_Stone_D.uasset" 471
"../../../DisillutionProto/Content/StarterContent/Textures/T_Brick_Hewn_Stone_M.uasset" 472
"../../../DisillutionProto/Content/StarterContent/Textures/T_Brick_Hewn_Stone_N.uasset" 473
"../../../DisillutionProto/Content/StarterContent/Materials/M_Brick_Hewn_Stone.uasset" 474
"../../../DisillutionProto/Content/StarterContent/Textures/T_Ceramic_Tile_M.uasset" 475
"../../../DisillutionProto/Content/StarterContent/Textures/T_Ceramic_Tile_N.uasset" 476
"../../../DisillutionProto/Content/StarterContent/Textures/T_Rock_Marble_Polished_D.uasset" 477
"../../../DisillutionProto/Content/StarterContent/Materials/M_Ceramic_Tile_Checker.uasset" 478
"../../../DisillutionProto/Content/StarterContent/Textures/T_CobbleStone_Pebble_D.uasset" 479
"../../../DisillutionProto/Content/StarterContent/Textures/T_CobbleStone_Pebble_M.uasset" 480
"../../../DisillutionProto/Content/StarterContent/Textures/T_CobbleStone_Pebble_N.uasset" 481
"../../../DisillutionProto/Content/StarterContent/Materials/M_CobbleStone_Pebble.uasset" 482
"../../../DisillutionProto/Content/StarterContent/Textures/T_CobbleStone_Rough_D.uasset" 483
"../../../DisillutionProto/Content/StarterContent/Textures/T_CobbleStone_Rough_N.uasset" 484
"../../../DisillutionProto/Content/StarterContent/Textures/T_Gradinet_01.uasset" 485
"../../../DisillutionProto/Content/StarterContent/Textures/T_Rock_Smooth_Granite_D.uasset" 486
"../../../DisillutionProto/Content/StarterContent/Materials/M_CobbleStone_Rough.uasset" 487
"../../../DisillutionProto/Content/StarterContent/Textures/T_CobbleStone_Smooth_D.uasset" 488
"../../../DisillutionProto/Content/StarterContent/Textures/T_CobbleStone_Smooth_M.uasset" 489
"../../../DisillutionProto/Content/StarterContent/Textures/T_CobbleStone_Smooth_N.uasset" 490
"../../../DisillutionProto/Content/StarterContent/Materials/M_CobbleStone_Smooth.uasset" 491
"../../../DisillutionProto/Content/StarterContent/Textures/T_Concrete_Grime_D.uasset" 492
"../../../DisillutionProto/Content/StarterContent/Textures/T_Metal_Rust_N.uasset" 493
"../../../DisillutionProto/Content/StarterContent/Materials/M_Concrete_Grime.uasset" 494
"../../../DisillutionProto/Content/StarterContent/Textures/T_Concrete_Panels_D.uasset" 495
"../../../DisillutionProto/Content/StarterContent/Textures/T_Concrete_Panels_N.uasset" 496
"../../../DisillutionProto/Content/StarterContent/Materials/M_Concrete_Panels.uasset" 497
"../../../DisillutionProto/Content/StarterContent/Textures/T_Concrete_Poured_D.uasset" 498
"../../../DisillutionProto/Content/StarterContent/Textures/T_Concrete_Poured_N.uasset" 499
"../../../DisillutionProto/Content/StarterContent/Materials/M_Concrete_Poured.uasset" 500
"../../../DisillutionProto/Content/StarterContent/Textures/T_Concrete_Tiles_D.uasset" 501
"../../../DisillutionProto/Content/StarterContent/Textures/T_Concrete_Tiles_M.uasset" 502
"../../../DisillutionProto/Content/StarterContent/Textures/T_Concrete_Tiles_N.uasset" 503
"../../../DisillutionProto/Content/StarterContent/Textures/T_Concrete_Tiles_Variation_M.uasset" 504
"../../../DisillutionProto/Content/StarterContent/Materials/M_Concrete_Tiles.uasset" 505
"../../../DisillutionProto/Content/StarterContent/Textures/T_Ground_Gravel_D.uasset" 506
"../../../DisillutionProto/Content/StarterContent/Textures/T_Ground_Gravel_N.uasset" 507
"../../../DisillutionProto/Content/StarterContent/Materials/M_Ground_Gravel.uasset" 508
"../../../DisillutionProto/Content/StarterContent/Textures/T_ground_Moss_D.uasset" 509
"../../../DisillutionProto/Content/StarterContent/Textures/T_Ground_Moss_N.uasset" 510
"../../../DisillutionProto/Content/StarterContent/Materials/M_Ground_Moss.uasset" 511
"../../../DisillutionProto/Content/StarterContent/Materials/M_Metal_Brushed_Nickel.uasset" 512
"../../../DisillutionProto/Content/StarterContent/Textures/T_Metal_Aluminum_D.uasset" 513
"../../../DisillutionProto/Content/StarterContent/Textures/T_Metal_Gold_N.uasset" 514
"../../../DisillutionProto/Content/StarterContent/Materials/M_Metal_Burnished_Steel.uasset" 515
"../../../DisillutionProto/Content/StarterContent/Materials/M_Metal_Chrome.uasset" 516
"../../../DisillutionProto/Content/StarterContent/Textures/T_Metal_Copper_D.uasset" 517
"../../../DisillutionProto/Content/StarterContent/Materials/M_Metal_Copper.uasset" 518
"../../../DisillutionProto/Content/StarterContent/Textures/T_Metal_Gold_D.uasset" 519
"../../../DisillutionProto/Content/StarterContent/Materials/M_Metal_Gold.uasset" 520
"../../../DisillutionProto/Content/StarterContent/Textures/T_Metal_Rust_D.uasset" 521
"../../../DisillutionProto/Content/StarterContent/Materials/M_Metal_Rust.uasset" 522
"../../../DisillutionProto/Content/StarterContent/Textures/T_Metal_Steel_D.uasset" 523
"../../../DisillutionProto/Content/StarterContent/Textures/T_Metal_Steel_N.uasset" 524
"../../../DisillutionProto/Content/StarterContent/Materials/M_Metal_Steel.uasset" 525
"../../../DisillutionProto/Content/StarterContent/Textures/T_Rock_Basalt_N.uasset" 526
"../../../DisillutionProto/Content/StarterContent/Materials/M_Rock_Basalt.uasset" 527
"../../../DisillutionProto/Content/StarterContent/Materials/M_Rock_Marble_Polished.uasset" 528
"../../../DisillutionProto/Content/StarterContent/Textures/T_Rock_Sandstone_D.uasset" 529
"../../../DisillutionProto/Content/StarterContent/Textures/T_Rock_Sandstone_N.uasset" 530
"../../../DisillutionProto/Content/StarterContent/Materials/M_Rock_Sandstone.uasset" 531
"../../../DisillutionProto/Content/StarterContent/Textures/T_Rock_Slate_D.uasset" 532
"../../../DisillutionProto/Content/StarterContent/Textures/T_Rock_Slate_N.uasset" 533
"../../../DisillutionProto/Content/StarterContent/Materials/M_Rock_Slate.uasset" 534
"../../../DisillutionProto/Content/StarterContent/Textures/T_Checker_Noise_M.uasset" 535
"../../../DisillutionProto/Content/StarterContent/Textures/T_Single_Tile_N.uasset" 536
"../../../DisillutionProto/Content/StarterContent/Textures/T_Tech_Dot_M.uasset" 537
"../../../DisillutionProto/Content/StarterContent/Textures/T_Tech_Dot_N.uasset" 538
"../../../DisillutionProto/Content/StarterContent/Materials/M_Tech_Checker_Dot.uasset" 539
"../../../DisillutionProto/Content/StarterContent/Textures/T_Tech_Hex_Tile_M.uasset" 540
"../../../DisillutionProto/Content/StarterContent/Textures/T_Tech_Hex_Tile_N.uasset" 541
"../../../DisillutionProto/Content/StarterContent/Materials/M_Tech_Hex_Tile.uasset" 542
"../../../DisillutionProto/Content/StarterContent/Materials/M_Tech_Hex_Tile_Pulse.uasset" 543
"../../../DisillutionProto/Content/StarterContent/Textures/T_Tech_Panel_M.uasset" 544
"../../../DisillutionProto/Content/StarterContent/Textures/T_Tech_Panel_N.uasset" 545
"../../../DisillutionProto/Content/StarterContent/Materials/M_Tech_Panel.uasset" 546
"../../../DisillutionProto/Content/StarterContent/Materials/M_Water_Lake.uasset" 547
"../../../DisillutionProto/Content/StarterContent/Textures/T_Water_M.uasset" 548
"../../../DisillutionProto/Content/StarterContent/Materials/M_Water_Ocean.uasset" 549
"../../../DisillutionProto/Content/StarterContent/Textures/T_Wood_Floor_Walnut_D.uasset" 550
"../../../DisillutionProto/Content/StarterContent/Textures/T_Wood_Floor_Walnut_M.uasset" 551
"../../../DisillutionProto/Content/StarterContent/Textures/T_Wood_Floor_Walnut_N.uasset" 552
"../../../DisillutionProto/Content/StarterContent/Materials/M_Wood_Floor_Walnut_Polished.uasset" 553
"../../../Engine/Content/Functions/Engine_MaterialFunctions01/Opacity/AlphaOffset.uasset" 554
"../../../DisillutionProto/Content/StarterContent/Materials/M_Wood_Floor_Walnut_Worn.uasset" 555
"../../../DisillutionProto/Content/StarterContent/Textures/T_Wood_Oak_D.uasset" 556
"../../../DisillutionProto/Content/StarterContent/Textures/T_Wood_Oak_N.uasset" 557
"../../../DisillutionProto/Content/StarterContent/Materials/M_Wood_Oak.uasset" 558
"../../../DisillutionProto/Content/StarterContent/Textures/T_Wood_Pine_D.uasset" 559
"../../../DisillutionProto/Content/StarterContent/Textures/T_Wood_Pine_N.uasset" 560
"../../../DisillutionProto/Content/StarterContent/Materials/M_Wood_Pine.uasset" 561
"../../../DisillutionProto/Content/StarterContent/Textures/T_Wood_Walnut_D.uasset" 562
"../../../DisillutionProto/Content/StarterContent/Textures/T_Wood_Walnut_N.uasset" 563
"../../../DisillutionProto/Content/StarterContent/Materials/M_Wood_Walnut.uasset" 564
"../../../DisillutionProto/Content/StarterContent/Architecture/Floor_400x400.uasset" 565
"../../../DisillutionProto/Content/StarterContent/Architecture/Wall_400x200.uasset" 566
"../../../DisillutionProto/Content/StarterContent/Architecture/Wall_Door_400x300.uasset" 567
"../../../DisillutionProto/Content/StarterContent/Architecture/Wall_Window_400x300.uasset" 568
"../../../DisillutionProto/Content/StarterContent/Audio/Collapse_Cue.uasset" 569
"../../../DisillutionProto/Content/StarterContent/Audio/Starter_Background_Cue.uasset" 570
"../../../DisillutionProto/Content/StarterContent/Audio/Starter_Music_Cue.uasset" 571
"../../../DisillutionProto/Content/StarterContent/Textures/T_Dust_Particle_D.uasset" 572
"../../../DisillutionProto/Content/StarterContent/Particles/Materials/M_Dust_Particle.uasset" 573
"../../../DisillutionProto/Content/StarterContent/Particles/P_Ambient_Dust.uasset" 574
"../../../DisillutionProto/Content/StarterContent/Props/MaterialSphere.uasset" 575
"../../../DisillutionProto/Content/StarterContent/Props/SM_Chair.uasset" 576
"../../../DisillutionProto/Content/StarterContent/Textures/T_Frame_M.uasset" 577
"../../../DisillutionProto/Content/StarterContent/Textures/T_Frame_N.uasset" 578
"../../../DisillutionProto/Content/StarterContent/Props/Materials/M_Frame.uasset" 579
"../../../DisillutionProto/Content/StarterContent/Props/SM_CornerFrame.uasset" 580
"../../../DisillutionProto/Content/StarterContent/Props/SM_DoorFrame.uasset" 581
"../../../DisillutionProto/Content/StarterContent/Props/SM_GlassWindow.uasset" 582
"../../../DisillutionProto/Content/StarterContent/Props/SM_PillarFrame.uasset" 583
"../../../DisillutionProto/Content/StarterContent/Props/SM_PillarFrame300.uasset" 584
"../../../DisillutionProto/Content/StarterContent/Textures/T_TableRound_M.uasset" 585
"../../../DisillutionProto/Content/StarterContent/Textures/T_TableRound_N.uasset" 586
"../../../DisillutionProto/Content/StarterContent/Props/Materials/M_TableRound.uasset" 587
"../../../DisillutionProto/Content/StarterContent/Props/SM_TableRound.uasset" 588
"../../../DisillutionProto/Content/StarterContent/Props/SM_WindowFrame.uasset" 589
"../../../DisillutionProto/Content/StarterContent/Shapes/Shape_Cube.uasset" 590
"../../../DisillutionProto/Content/StarterContent/Shapes/Shape_QuadPyramid.uasset" 591
"../../../DisillutionProto/Content/StarterContent/Shapes/Shape_Sphere.uasset" 592
"../../../DisillutionProto/Content/StarterContent/Maps/StarterMap.umap" 593
"../../../DisillutionProto/Content/ThirdPersonBP/Maps/MazeProto.umap" 594
"../../../DisillutionProto/Content/StarterContent/Maps/Minimal_Default.umap" 595
